2023-08-06 02:41:11.509087 - Initialized conversion of CBT282
2023-08-06 02:41:13.561094 - Received CBT.V505.FILE282.PDS from FILE282.XMI 
2023-08-06 02:41:13.563486 - Found $$$#DATE.txt (text/plain) in CBT.V505.FILE282.PDS, moved to PDS/$$$#DATE
2023-08-06 02:41:13.564572 - Found $CALL.txt (text/plain) in CBT.V505.FILE282.PDS, moved to PDS/$CALL
2023-08-06 02:41:13.565529 - Found $CC.txt (text/plain) in CBT.V505.FILE282.PDS, moved to PDS/$CC
2023-08-06 02:41:13.566483 - Found $COPYWRT.txt (text/plain) in CBT.V505.FILE282.PDS, moved to PDS/$COPYWRT
2023-08-06 02:41:13.567367 - Found $ENTER.txt (text/plain) in CBT.V505.FILE282.PDS, moved to PDS/$ENTER
2023-08-06 02:41:13.568361 - Found $EXIT.txt (text/plain) in CBT.V505.FILE282.PDS, moved to PDS/$EXIT
2023-08-06 02:41:13.569308 - Found $FOTERM.txt (text/plain) in CBT.V505.FILE282.PDS, moved to PDS/$FOTERM
2023-08-06 02:41:13.570230 - Found $HEAD.txt (text/plain) in CBT.V505.FILE282.PDS, moved to PDS/$HEAD
2023-08-06 02:41:13.571095 - Found $IFANY.txt (text/plain) in CBT.V505.FILE282.PDS, moved to PDS/$IFANY
2023-08-06 02:41:13.571952 - Found $IFNONE.txt (text/plain) in CBT.V505.FILE282.PDS, moved to PDS/$IFNONE
2023-08-06 02:41:13.572806 - Found $IFOFF.txt (text/plain) in CBT.V505.FILE282.PDS, moved to PDS/$IFOFF
2023-08-06 02:41:13.573765 - Found $IFON.txt (text/plain) in CBT.V505.FILE282.PDS, moved to PDS/$IFON
2023-08-06 02:41:13.574698 - Found $LINECTL.txt (text/plain) in CBT.V505.FILE282.PDS, moved to PDS/$LINECTL
2023-08-06 02:41:13.575662 - Found $LOGERR.txt (text/plain) in CBT.V505.FILE282.PDS, moved to PDS/$LOGERR
2023-08-06 02:41:13.576549 - Found $MSGSECT.txt (text/plain) in CBT.V505.FILE282.PDS, moved to PDS/$MSGSECT
2023-08-06 02:41:13.577443 - Found $MVC.txt (text/plain) in CBT.V505.FILE282.PDS, moved to PDS/$MVC
2023-08-06 02:41:13.578454 - Found $NSCDAT.txt (text/plain) in CBT.V505.FILE282.PDS, moved to PDS/$NSCDAT
2023-08-06 02:41:13.579434 - Found $OFF.txt (text/plain) in CBT.V505.FILE282.PDS, moved to PDS/$OFF
2023-08-06 02:41:13.580327 - Found $ON.txt (text/plain) in CBT.V505.FILE282.PDS, moved to PDS/$ON
2023-08-06 02:41:13.581212 - Found $RESTOR.txt (text/plain) in CBT.V505.FILE282.PDS, moved to PDS/$RESTOR
2023-08-06 02:41:13.582158 - Found $SAVE.txt (text/plain) in CBT.V505.FILE282.PDS, moved to PDS/$SAVE
2023-08-06 02:41:13.583089 - Found $SCRCVT.txt (text/plain) in CBT.V505.FILE282.PDS, moved to PDS/$SCRCVT
2023-08-06 02:41:13.583981 - Found $SETON.txt (text/plain) in CBT.V505.FILE282.PDS, moved to PDS/$SETON
2023-08-06 02:41:13.584873 - Found $SPCTL.txt (text/plain) in CBT.V505.FILE282.PDS, moved to PDS/$SPCTL
2023-08-06 02:41:13.585759 - Found $SPCTLGN.txt (text/plain) in CBT.V505.FILE282.PDS, moved to PDS/$SPCTLGN
2023-08-06 02:41:13.586707 - Found $SPCTLTB.txt (text/plain) in CBT.V505.FILE282.PDS, moved to PDS/$SPCTLTB
2023-08-06 02:41:13.587600 - Found $SYSREF.txt (text/plain) in CBT.V505.FILE282.PDS, moved to PDS/$SYSREF
2023-08-06 02:41:13.588508 - Found $VERSION.txt (text/plain) in CBT.V505.FILE282.PDS, moved to PDS/$VERSION
2023-08-06 02:41:13.589482 - Found $WITCHS.txt (text/plain) in CBT.V505.FILE282.PDS, moved to PDS/$WITCHS
2023-08-06 02:41:13.590423 - Found #AB.txt (text/plain) in CBT.V505.FILE282.PDS, moved to PDS/#AB
2023-08-06 02:41:13.591323 - Found #AD.txt (text/plain) in CBT.V505.FILE282.PDS, moved to PDS/#AD
2023-08-06 02:41:13.592201 - Found #ADJUST.txt (text/plain) in CBT.V505.FILE282.PDS, moved to PDS/#ADJUST
2023-08-06 02:41:13.593099 - Found #AP.txt (text/plain) in CBT.V505.FILE282.PDS, moved to PDS/#AP
2023-08-06 02:41:13.594004 - Found #AR.txt (text/plain) in CBT.V505.FILE282.PDS, moved to PDS/#AR
2023-08-06 02:41:13.594971 - Found #ARGINIT.txt (text/plain) in CBT.V505.FILE282.PDS, moved to PDS/#ARGINIT
2023-08-06 02:41:13.595860 - Found #BC.txt (text/plain) in CBT.V505.FILE282.PDS, moved to PDS/#BC
2023-08-06 02:41:13.596724 - Found #BM.txt (text/plain) in CBT.V505.FILE282.PDS, moved to PDS/#BM
2023-08-06 02:41:13.597611 - Found #BR.txt (text/plain) in CBT.V505.FILE282.PDS, moved to PDS/#BR
2023-08-06 02:41:13.598542 - Found #BS.txt (text/plain) in CBT.V505.FILE282.PDS, moved to PDS/#BS
2023-08-06 02:41:13.599436 - Found #BX.txt (text/plain) in CBT.V505.FILE282.PDS, moved to PDS/#BX
2023-08-06 02:41:13.600315 - Found #BXHORIZ.txt (text/plain) in CBT.V505.FILE282.PDS, moved to PDS/#BXHORIZ
2023-08-06 02:41:13.601260 - Found #BXVERT.txt (text/plain) in CBT.V505.FILE282.PDS, moved to PDS/#BXVERT
2023-08-06 02:41:13.602146 - Found #CB.txt (text/plain) in CBT.V505.FILE282.PDS, moved to PDS/#CB
2023-08-06 02:41:13.603132 - Found #CC.txt (text/plain) in CBT.V505.FILE282.PDS, moved to PDS/#CC
2023-08-06 02:41:13.604065 - Found #CD.txt (text/plain) in CBT.V505.FILE282.PDS, moved to PDS/#CD
2023-08-06 02:41:13.605013 - Found #CE.txt (text/plain) in CBT.V505.FILE282.PDS, moved to PDS/#CE
2023-08-06 02:41:13.605943 - Found #CENTER.txt (text/plain) in CBT.V505.FILE282.PDS, moved to PDS/#CENTER
2023-08-06 02:41:13.606903 - Found #CL.txt (text/plain) in CBT.V505.FILE282.PDS, moved to PDS/#CL
2023-08-06 02:41:13.607857 - Found #CM.txt (text/plain) in CBT.V505.FILE282.PDS, moved to PDS/#CM
2023-08-06 02:41:13.608733 - Found #CO.txt (text/plain) in CBT.V505.FILE282.PDS, moved to PDS/#CO
2023-08-06 02:41:13.609718 - Found #COLBAL.txt (text/plain) in CBT.V505.FILE282.PDS, moved to PDS/#COLBAL
2023-08-06 02:41:13.610599 - Found #COLNEW.txt (text/plain) in CBT.V505.FILE282.PDS, moved to PDS/#COLNEW
2023-08-06 02:41:13.611550 - Found #COLPAGE.txt (text/plain) in CBT.V505.FILE282.PDS, moved to PDS/#COLPAGE
2023-08-06 02:41:13.612477 - Found #COLPRT.txt (text/plain) in CBT.V505.FILE282.PDS, moved to PDS/#COLPRT
2023-08-06 02:41:13.613377 - Found #COLSAVE.txt (text/plain) in CBT.V505.FILE282.PDS, moved to PDS/#COLSAVE
2023-08-06 02:41:13.614291 - Found #CP.txt (text/plain) in CBT.V505.FILE282.PDS, moved to PDS/#CP
2023-08-06 02:41:13.615176 - Found #CPFKNXT.txt (text/plain) in CBT.V505.FILE282.PDS, moved to PDS/#CPFKNXT
2023-08-06 02:41:13.616078 - Found #CPFKPRT.txt (text/plain) in CBT.V505.FILE282.PDS, moved to PDS/#CPFKPRT
2023-08-06 02:41:13.616897 - Found #CR.txt (text/plain) in CBT.V505.FILE282.PDS, moved to PDS/#CR
2023-08-06 02:41:13.617843 - Found #CS.txt (text/plain) in CBT.V505.FILE282.PDS, moved to PDS/#CS
2023-08-06 02:41:13.618770 - Found #CW.txt (text/plain) in CBT.V505.FILE282.PDS, moved to PDS/#CW
2023-08-06 02:41:13.619612 - Found #DA.txt (text/plain) in CBT.V505.FILE282.PDS, moved to PDS/#DA
2023-08-06 02:41:13.620530 - Found #DC.txt (text/plain) in CBT.V505.FILE282.PDS, moved to PDS/#DC
2023-08-06 02:41:13.621426 - Found #DCOMPOZ.txt (text/plain) in CBT.V505.FILE282.PDS, moved to PDS/#DCOMPOZ
2023-08-06 02:41:13.622418 - Found #DDBLOCK.txt (text/plain) in CBT.V505.FILE282.PDS, moved to PDS/#DDBLOCK
2023-08-06 02:41:13.623401 - Found #DEUDATA.txt (text/plain) in CBT.V505.FILE282.PDS, moved to PDS/#DEUDATA
2023-08-06 02:41:13.624327 - Found #DEUH01.txt (text/plain) in CBT.V505.FILE282.PDS, moved to PDS/#DEUH01
2023-08-06 02:41:13.625257 - Found #DEUH02.txt (text/plain) in CBT.V505.FILE282.PDS, moved to PDS/#DEUH02
2023-08-06 02:41:13.626256 - Found #DEUH03.txt (text/plain) in CBT.V505.FILE282.PDS, moved to PDS/#DEUH03
2023-08-06 02:41:13.627138 - Found #DEUH04.txt (text/plain) in CBT.V505.FILE282.PDS, moved to PDS/#DEUH04
2023-08-06 02:41:13.628073 - Found #DEUH05.txt (text/plain) in CBT.V505.FILE282.PDS, moved to PDS/#DEUH05
2023-08-06 02:41:13.628901 - Found #DEUH06.txt (text/plain) in CBT.V505.FILE282.PDS, moved to PDS/#DEUH06
2023-08-06 02:41:13.629883 - Found #DEUH07.txt (text/plain) in CBT.V505.FILE282.PDS, moved to PDS/#DEUH07
2023-08-06 02:41:13.630805 - Found #DEUH08.txt (text/plain) in CBT.V505.FILE282.PDS, moved to PDS/#DEUH08
2023-08-06 02:41:13.631673 - Found #DEUH09.txt (text/plain) in CBT.V505.FILE282.PDS, moved to PDS/#DEUH09
2023-08-06 02:41:13.632539 - Found #DEUH10.txt (text/plain) in CBT.V505.FILE282.PDS, moved to PDS/#DEUH10
2023-08-06 02:41:13.633333 - Found #DEUH11.txt (text/plain) in CBT.V505.FILE282.PDS, moved to PDS/#DEUH11
2023-08-06 02:41:13.634273 - Found #DEUH12.txt (text/plain) in CBT.V505.FILE282.PDS, moved to PDS/#DEUH12
2023-08-06 02:41:13.635157 - Found #DEUH13.txt (text/plain) in CBT.V505.FILE282.PDS, moved to PDS/#DEUH13
2023-08-06 02:41:13.636249 - Found #DEUH14.txt (text/plain) in CBT.V505.FILE282.PDS, moved to PDS/#DEUH14
2023-08-06 02:41:13.637184 - Found #DEUH15.txt (text/plain) in CBT.V505.FILE282.PDS, moved to PDS/#DEUH15
2023-08-06 02:41:13.638140 - Found #DEUH16.txt (text/plain) in CBT.V505.FILE282.PDS, moved to PDS/#DEUH16
2023-08-06 02:41:13.639046 - Found #DEUH17.txt (text/plain) in CBT.V505.FILE282.PDS, moved to PDS/#DEUH17
2023-08-06 02:41:13.639843 - Found #DEUH18.txt (text/plain) in CBT.V505.FILE282.PDS, moved to PDS/#DEUH18
2023-08-06 02:41:13.640654 - Found #DEUH24.txt (text/plain) in CBT.V505.FILE282.PDS, moved to PDS/#DEUH24
2023-08-06 02:41:13.641496 - Found #DEUH25.txt (text/plain) in CBT.V505.FILE282.PDS, moved to PDS/#DEUH25
2023-08-06 02:41:13.642383 - Found #DH.txt (text/plain) in CBT.V505.FILE282.PDS, moved to PDS/#DH
2023-08-06 02:41:13.643304 - Found #DHCLR.txt (text/plain) in CBT.V505.FILE282.PDS, moved to PDS/#DHCLR
2023-08-06 02:41:13.644192 - Found #DM.txt (text/plain) in CBT.V505.FILE282.PDS, moved to PDS/#DM
2023-08-06 02:41:13.645023 - Found #DO.txt (text/plain) in CBT.V505.FILE282.PDS, moved to PDS/#DO
2023-08-06 02:41:13.645929 - Found #DS.txt (text/plain) in CBT.V505.FILE282.PDS, moved to PDS/#DS
2023-08-06 02:41:13.646879 - Found #DSECTS.txt (text/plain) in CBT.V505.FILE282.PDS, moved to PDS/#DSECTS
2023-08-06 02:41:13.647735 - Found #DUMPIT.txt (text/plain) in CBT.V505.FILE282.PDS, moved to PDS/#DUMPIT
2023-08-06 02:41:13.648548 - Found #EF.txt (text/plain) in CBT.V505.FILE282.PDS, moved to PDS/#EF
2023-08-06 02:41:13.649488 - Found #EL.txt (text/plain) in CBT.V505.FILE282.PDS, moved to PDS/#EL
2023-08-06 02:41:13.650468 - Found #EM.txt (text/plain) in CBT.V505.FILE282.PDS, moved to PDS/#EM
2023-08-06 02:41:13.651325 - Found #EN.txt (text/plain) in CBT.V505.FILE282.PDS, moved to PDS/#EN
2023-08-06 02:41:13.652171 - Found #ER.txt (text/plain) in CBT.V505.FILE282.PDS, moved to PDS/#ER
2023-08-06 02:41:13.653069 - Found #ERROUT.txt (text/plain) in CBT.V505.FILE282.PDS, moved to PDS/#ERROUT
2023-08-06 02:41:13.654014 - Found #EZ.txt (text/plain) in CBT.V505.FILE282.PDS, moved to PDS/#EZ
2023-08-06 02:41:13.654871 - Found #FB.txt (text/plain) in CBT.V505.FILE282.PDS, moved to PDS/#FB
2023-08-06 02:41:13.655714 - Found #FD.txt (text/plain) in CBT.V505.FILE282.PDS, moved to PDS/#FD
2023-08-06 02:41:13.656551 - Found #FE.txt (text/plain) in CBT.V505.FILE282.PDS, moved to PDS/#FE
2023-08-06 02:41:13.657444 - Found #FK.txt (text/plain) in CBT.V505.FILE282.PDS, moved to PDS/#FK
2023-08-06 02:41:13.658413 - Found #FLUSHSP.txt (text/plain) in CBT.V505.FILE282.PDS, moved to PDS/#FLUSHSP
2023-08-06 02:41:13.659310 - Found #FM.txt (text/plain) in CBT.V505.FILE282.PDS, moved to PDS/#FM
2023-08-06 02:41:13.660196 - Found #FN.txt (text/plain) in CBT.V505.FILE282.PDS, moved to PDS/#FN
2023-08-06 02:41:13.661036 - Found #FNPRT.txt (text/plain) in CBT.V505.FILE282.PDS, moved to PDS/#FNPRT
2023-08-06 02:41:13.661958 - Found #FNSAVE.txt (text/plain) in CBT.V505.FILE282.PDS, moved to PDS/#FNSAVE
2023-08-06 02:41:13.662926 - Found #FO.txt (text/plain) in CBT.V505.FILE282.PDS, moved to PDS/#FO
2023-08-06 02:41:13.663766 - Found #FOADD.txt (text/plain) in CBT.V505.FILE282.PDS, moved to PDS/#FOADD
2023-08-06 02:41:13.664593 - Found #FOASM3.txt (text/plain) in CBT.V505.FILE282.PDS, moved to PDS/#FOASM3
2023-08-06 02:41:13.665441 - Found #FOHYPH.txt (text/plain) in CBT.V505.FILE282.PDS, moved to PDS/#FOHYPH
2023-08-06 02:41:13.666263 - Found #FOMYTE.txt (text/plain) in CBT.V505.FILE282.PDS, moved to PDS/#FOMYTE
2023-08-06 02:41:13.667084 - Found #FOQUME.txt (text/plain) in CBT.V505.FILE282.PDS, moved to PDS/#FOQUME
2023-08-06 02:41:13.667916 - Found #FO1620.txt (text/plain) in CBT.V505.FILE282.PDS, moved to PDS/#FO1620
2023-08-06 02:41:13.668728 - Found #FO2741.txt (text/plain) in CBT.V505.FILE282.PDS, moved to PDS/#FO2741
2023-08-06 02:41:13.669582 - Found #FREECEL.txt (text/plain) in CBT.V505.FILE282.PDS, moved to PDS/#FREECEL
2023-08-06 02:41:13.670388 - Found #FS.txt (text/plain) in CBT.V505.FILE282.PDS, moved to PDS/#FS
2023-08-06 02:41:13.671187 - Found #FV.txt (text/plain) in CBT.V505.FILE282.PDS, moved to PDS/#FV
2023-08-06 02:41:13.672009 - Found #GETARG.txt (text/plain) in CBT.V505.FILE282.PDS, moved to PDS/#GETARG
2023-08-06 02:41:13.672802 - Found #GETCELL.txt (text/plain) in CBT.V505.FILE282.PDS, moved to PDS/#GETCELL
2023-08-06 02:41:13.673678 - Found #GETNUM.txt (text/plain) in CBT.V505.FILE282.PDS, moved to PDS/#GETNUM
2023-08-06 02:41:13.674637 - Found #GETQST.txt (text/plain) in CBT.V505.FILE282.PDS, moved to PDS/#GETQST
2023-08-06 02:41:13.675508 - Found #GETSYM.txt (text/plain) in CBT.V505.FILE282.PDS, moved to PDS/#GETSYM
2023-08-06 02:41:13.676529 - Found #GETYESN.txt (text/plain) in CBT.V505.FILE282.PDS, moved to PDS/#GETYESN
2023-08-06 02:41:13.677490 - Found #GO.txt (text/plain) in CBT.V505.FILE282.PDS, moved to PDS/#GO
2023-08-06 02:41:13.678428 - Found #HD.txt (text/plain) in CBT.V505.FILE282.PDS, moved to PDS/#HD
2023-08-06 02:41:13.679307 - Found #HE.txt (text/plain) in CBT.V505.FILE282.PDS, moved to PDS/#HE
2023-08-06 02:41:13.680308 - Found #HEADCLR.txt (text/plain) in CBT.V505.FILE282.PDS, moved to PDS/#HEADCLR
2023-08-06 02:41:13.681277 - Found #HEADPRT.txt (text/plain) in CBT.V505.FILE282.PDS, moved to PDS/#HEADPRT
2023-08-06 02:41:13.682114 - Found #HEADSAV.txt (text/plain) in CBT.V505.FILE282.PDS, moved to PDS/#HEADSAV
2023-08-06 02:41:13.683040 - Found #HI.txt (text/plain) in CBT.V505.FILE282.PDS, moved to PDS/#HI
2023-08-06 02:41:13.684003 - Found #HIDB.txt (text/plain) in CBT.V505.FILE282.PDS, moved to PDS/#HIDB
2023-08-06 02:41:13.684880 - Found #HIDTC.txt (text/plain) in CBT.V505.FILE282.PDS, moved to PDS/#HIDTC
2023-08-06 02:41:13.685856 - Found #HL.txt (text/plain) in CBT.V505.FILE282.PDS, moved to PDS/#HL
2023-08-06 02:41:13.686718 - Found #HM.txt (text/plain) in CBT.V505.FILE282.PDS, moved to PDS/#HM
2023-08-06 02:41:13.687590 - Found #HN.txt (text/plain) in CBT.V505.FILE282.PDS, moved to PDS/#HN
2023-08-06 02:41:13.688411 - Found #HS.txt (text/plain) in CBT.V505.FILE282.PDS, moved to PDS/#HS
2023-08-06 02:41:13.689375 - Found #HV.txt (text/plain) in CBT.V505.FILE282.PDS, moved to PDS/#HV
2023-08-06 02:41:13.690251 - Found #HW.txt (text/plain) in CBT.V505.FILE282.PDS, moved to PDS/#HW
2023-08-06 02:41:13.691117 - Found #HY.txt (text/plain) in CBT.V505.FILE282.PDS, moved to PDS/#HY
2023-08-06 02:41:13.692087 - Found #HYSCN.txt (text/plain) in CBT.V505.FILE282.PDS, moved to PDS/#HYSCN
2023-08-06 02:41:13.693120 - Found #IF.txt (text/plain) in CBT.V505.FILE282.PDS, moved to PDS/#IF
2023-08-06 02:41:13.694101 - Found #IL.txt (text/plain) in CBT.V505.FILE282.PDS, moved to PDS/#IL
2023-08-06 02:41:13.694957 - Found #IM.txt (text/plain) in CBT.V505.FILE282.PDS, moved to PDS/#IM
2023-08-06 02:41:13.695782 - Found #IN.txt (text/plain) in CBT.V505.FILE282.PDS, moved to PDS/#IN
2023-08-06 02:41:13.696585 - Found #IOADJ.txt (text/plain) in CBT.V505.FILE282.PDS, moved to PDS/#IOADJ
2023-08-06 02:41:13.697436 - Found #IOPRINT.txt (text/plain) in CBT.V505.FILE282.PDS, moved to PDS/#IOPRINT
2023-08-06 02:41:13.698301 - Found #IX.txt (text/plain) in CBT.V505.FILE282.PDS, moved to PDS/#IX
2023-08-06 02:41:13.699249 - Found #IXCLR.txt (text/plain) in CBT.V505.FILE282.PDS, moved to PDS/#IXCLR
2023-08-06 02:41:13.700231 - Found #IXDUMP.txt (text/plain) in CBT.V505.FILE282.PDS, moved to PDS/#IXDUMP
2023-08-06 02:41:13.701129 - Found #IXPROC.txt (text/plain) in CBT.V505.FILE282.PDS, moved to PDS/#IXPROC
2023-08-06 02:41:13.702055 - Found #JU.txt (text/plain) in CBT.V505.FILE282.PDS, moved to PDS/#JU
2023-08-06 02:41:13.702878 - Found #LA.txt (text/plain) in CBT.V505.FILE282.PDS, moved to PDS/#LA
2023-08-06 02:41:13.703695 - Found #LB.txt (text/plain) in CBT.V505.FILE282.PDS, moved to PDS/#LB
2023-08-06 02:41:13.704504 - Found #LE.txt (text/plain) in CBT.V505.FILE282.PDS, moved to PDS/#LE
2023-08-06 02:41:13.705338 - Found #LI.txt (text/plain) in CBT.V505.FILE282.PDS, moved to PDS/#LI
2023-08-06 02:41:13.706188 - Found #LKADD.txt (text/plain) in CBT.V505.FILE282.PDS, moved to PDS/#LKADD
2023-08-06 02:41:13.707128 - Found #LKCHAIN.txt (text/plain) in CBT.V505.FILE282.PDS, moved to PDS/#LKCHAIN
2023-08-06 02:41:13.708024 - Found #LKGESC.txt (text/plain) in CBT.V505.FILE282.PDS, moved to PDS/#LKGESC
2023-08-06 02:41:13.708833 - Found #LKGETP.txt (text/plain) in CBT.V505.FILE282.PDS, moved to PDS/#LKGETP
2023-08-06 02:41:13.709719 - Found #LKGETT.txt (text/plain) in CBT.V505.FILE282.PDS, moved to PDS/#LKGETT
2023-08-06 02:41:13.710637 - Found #LKINIT.txt (text/plain) in CBT.V505.FILE282.PDS, moved to PDS/#LKINIT
2023-08-06 02:41:13.711547 - Found #LKPUT.txt (text/plain) in CBT.V505.FILE282.PDS, moved to PDS/#LKPUT
2023-08-06 02:41:13.712360 - Found #LL.txt (text/plain) in CBT.V505.FILE282.PDS, moved to PDS/#LL
2023-08-06 02:41:13.713222 - Found #LN.txt (text/plain) in CBT.V505.FILE282.PDS, moved to PDS/#LN
2023-08-06 02:41:13.714158 - Found #LS.txt (text/plain) in CBT.V505.FILE282.PDS, moved to PDS/#LS
2023-08-06 02:41:13.715026 - Found #MAINOC.txt (text/plain) in CBT.V505.FILE282.PDS, moved to PDS/#MAINOC
2023-08-06 02:41:13.715833 - Found #MC.txt (text/plain) in CBT.V505.FILE282.PDS, moved to PDS/#MC
2023-08-06 02:41:13.716736 - Found #MERGE.txt (text/plain) in CBT.V505.FILE282.PDS, moved to PDS/#MERGE
2023-08-06 02:41:13.717679 - Found #MS.txt (text/plain) in CBT.V505.FILE282.PDS, moved to PDS/#MS
2023-08-06 02:41:13.718597 - Found #NC.txt (text/plain) in CBT.V505.FILE282.PDS, moved to PDS/#NC
2023-08-06 02:41:13.719487 - Found #NF.txt (text/plain) in CBT.V505.FILE282.PDS, moved to PDS/#NF
2023-08-06 02:41:13.720401 - Found #NJ.txt (text/plain) in CBT.V505.FILE282.PDS, moved to PDS/#NJ
2023-08-06 02:41:13.721267 - Found #NL.txt (text/plain) in CBT.V505.FILE282.PDS, moved to PDS/#NL
2023-08-06 02:41:13.722207 - Found #OC.txt (text/plain) in CBT.V505.FILE282.PDS, moved to PDS/#OC
2023-08-06 02:41:13.723075 - Found #ODDEVN.txt (text/plain) in CBT.V505.FILE282.PDS, moved to PDS/#ODDEVN
2023-08-06 02:41:13.723932 - Found #OF.txt (text/plain) in CBT.V505.FILE282.PDS, moved to PDS/#OF
2023-08-06 02:41:13.724741 - Found #OJ.txt (text/plain) in CBT.V505.FILE282.PDS, moved to PDS/#OJ
2023-08-06 02:41:13.725604 - Found #OO.txt (text/plain) in CBT.V505.FILE282.PDS, moved to PDS/#OO
2023-08-06 02:41:13.726432 - Found #OOPRT.txt (text/plain) in CBT.V505.FILE282.PDS, moved to PDS/#OOPRT
2023-08-06 02:41:13.727309 - Found #OPTEST.txt (text/plain) in CBT.V505.FILE282.PDS, moved to PDS/#OPTEST
2023-08-06 02:41:13.728135 - Found #OUSTAT.txt (text/plain) in CBT.V505.FILE282.PDS, moved to PDS/#OUSTAT
2023-08-06 02:41:13.728990 - Found #OV.txt (text/plain) in CBT.V505.FILE282.PDS, moved to PDS/#OV
2023-08-06 02:41:13.729888 - Found #OVREMOV.txt (text/plain) in CBT.V505.FILE282.PDS, moved to PDS/#OVREMOV
2023-08-06 02:41:13.730855 - Found #PA.txt (text/plain) in CBT.V505.FILE282.PDS, moved to PDS/#PA
2023-08-06 02:41:13.731834 - Found #PAGE.txt (text/plain) in CBT.V505.FILE282.PDS, moved to PDS/#PAGE
2023-08-06 02:41:13.732755 - Found #PAGEREA.txt (text/plain) in CBT.V505.FILE282.PDS, moved to PDS/#PAGEREA
2023-08-06 02:41:13.733718 - Found #PAGETOP.txt (text/plain) in CBT.V505.FILE282.PDS, moved to PDS/#PAGETOP
2023-08-06 02:41:13.734636 - Found #PD.txt (text/plain) in CBT.V505.FILE282.PDS, moved to PDS/#PD
2023-08-06 02:41:13.735478 - Found #PE.txt (text/plain) in CBT.V505.FILE282.PDS, moved to PDS/#PE
2023-08-06 02:41:13.736306 - Found #PI.txt (text/plain) in CBT.V505.FILE282.PDS, moved to PDS/#PI
2023-08-06 02:41:13.737233 - Found #PL.txt (text/plain) in CBT.V505.FILE282.PDS, moved to PDS/#PL
2023-08-06 02:41:13.738169 - Found #PN.txt (text/plain) in CBT.V505.FILE282.PDS, moved to PDS/#PN
2023-08-06 02:41:13.739137 - Found #PNUMFMT.txt (text/plain) in CBT.V505.FILE282.PDS, moved to PDS/#PNUMFMT
2023-08-06 02:41:13.740050 - Found #PP.txt (text/plain) in CBT.V505.FILE282.PDS, moved to PDS/#PP
2023-08-06 02:41:13.740842 - Found #PR.txt (text/plain) in CBT.V505.FILE282.PDS, moved to PDS/#PR
2023-08-06 02:41:13.741687 - Found #PRINT.txt (text/plain) in CBT.V505.FILE282.PDS, moved to PDS/#PRINT
2023-08-06 02:41:13.742527 - Found #PRINTNB.txt (text/plain) in CBT.V505.FILE282.PDS, moved to PDS/#PRINTNB
2023-08-06 02:41:13.743393 - Found #PRLIN.txt (text/plain) in CBT.V505.FILE282.PDS, moved to PDS/#PRLIN
2023-08-06 02:41:13.744208 - Found #PRNUM.txt (text/plain) in CBT.V505.FILE282.PDS, moved to PDS/#PRNUM
2023-08-06 02:41:13.745035 - Found #PRRCADD.txt (text/plain) in CBT.V505.FILE282.PDS, moved to PDS/#PRRCADD
2023-08-06 02:41:13.745876 - Found #PRSKSPC.txt (text/plain) in CBT.V505.FILE282.PDS, moved to PDS/#PRSKSPC
2023-08-06 02:41:13.746691 - Found #PRTARG.txt (text/plain) in CBT.V505.FILE282.PDS, moved to PDS/#PRTARG
2023-08-06 02:41:13.747522 - Found #PRTERM.txt (text/plain) in CBT.V505.FILE282.PDS, moved to PDS/#PRTERM
2023-08-06 02:41:13.748351 - Found #PS.txt (text/plain) in CBT.V505.FILE282.PDS, moved to PDS/#PS
2023-08-06 02:41:13.749174 - Found #PT.txt (text/plain) in CBT.V505.FILE282.PDS, moved to PDS/#PT
2023-08-06 02:41:13.750152 - Found #PU.txt (text/plain) in CBT.V505.FILE282.PDS, moved to PDS/#PU
2023-08-06 02:41:13.751026 - Found #PUNCADJ.txt (text/plain) in CBT.V505.FILE282.PDS, moved to PDS/#PUNCADJ
2023-08-06 02:41:13.751866 - Found #PUTCONS.txt (text/plain) in CBT.V505.FILE282.PDS, moved to PDS/#PUTCONS
2023-08-06 02:41:13.752825 - Found #PUTPRT.txt (text/plain) in CBT.V505.FILE282.PDS, moved to PDS/#PUTPRT
2023-08-06 02:41:13.753694 - Found #PUTTERM.txt (text/plain) in CBT.V505.FILE282.PDS, moved to PDS/#PUTTERM
2023-08-06 02:41:13.754601 - Found #PUWORK.txt (text/plain) in CBT.V505.FILE282.PDS, moved to PDS/#PUWORK
2023-08-06 02:41:13.755464 - Found #PV.txt (text/plain) in CBT.V505.FILE282.PDS, moved to PDS/#PV
2023-08-06 02:41:13.756308 - Found #QQ.txt (text/plain) in CBT.V505.FILE282.PDS, moved to PDS/#QQ
2023-08-06 02:41:13.757123 - Found #QT.txt (text/plain) in CBT.V505.FILE282.PDS, moved to PDS/#QT
2023-08-06 02:41:13.758006 - Found #QUITS.txt (text/plain) in CBT.V505.FILE282.PDS, moved to PDS/#QUITS
2023-08-06 02:41:13.758801 - Found #RA.txt (text/plain) in CBT.V505.FILE282.PDS, moved to PDS/#RA
2023-08-06 02:41:13.759651 - Found #RC.txt (text/plain) in CBT.V505.FILE282.PDS, moved to PDS/#RC
2023-08-06 02:41:13.760587 - Found #RD.txt (text/plain) in CBT.V505.FILE282.PDS, moved to PDS/#RD
2023-08-06 02:41:13.761538 - Found #RDCLOSE.txt (text/plain) in CBT.V505.FILE282.PDS, moved to PDS/#RDCLOSE
2023-08-06 02:41:13.762476 - Found #RDDDREP.txt (text/plain) in CBT.V505.FILE282.PDS, moved to PDS/#RDDDREP
2023-08-06 02:41:13.763340 - Found #RDEJCT.txt (text/plain) in CBT.V505.FILE282.PDS, moved to PDS/#RDEJCT
2023-08-06 02:41:13.764519 - Found #RDERROR.txt (text/plain) in CBT.V505.FILE282.PDS, moved to PDS/#RDERROR
2023-08-06 02:41:13.765456 - Found #RDEXIT.txt (text/plain) in CBT.V505.FILE282.PDS, moved to PDS/#RDEXIT
2023-08-06 02:41:13.766411 - Found #RDFBUFF.txt (text/plain) in CBT.V505.FILE282.PDS, moved to PDS/#RDFBUFF
2023-08-06 02:41:13.767298 - Found #RDFILE.txt (text/plain) in CBT.V505.FILE282.PDS, moved to PDS/#RDFILE
2023-08-06 02:41:13.768144 - Found #RDFINDF.txt (text/plain) in CBT.V505.FILE282.PDS, moved to PDS/#RDFINDF
2023-08-06 02:41:13.769013 - Found #RDGBUFF.txt (text/plain) in CBT.V505.FILE282.PDS, moved to PDS/#RDGBUFF
2023-08-06 02:41:13.769818 - Found #RDJIGG.txt (text/plain) in CBT.V505.FILE282.PDS, moved to PDS/#RDJIGG
2023-08-06 02:41:13.770641 - Found #RDLINE.txt (text/plain) in CBT.V505.FILE282.PDS, moved to PDS/#RDLINE
2023-08-06 02:41:13.771466 - Found #RDPOP.txt (text/plain) in CBT.V505.FILE282.PDS, moved to PDS/#RDPOP
2023-08-06 02:41:13.772279 - Found #RDPURGE.txt (text/plain) in CBT.V505.FILE282.PDS, moved to PDS/#RDPURGE
2023-08-06 02:41:13.773173 - Found #RDPURON.txt (text/plain) in CBT.V505.FILE282.PDS, moved to PDS/#RDPURON
2023-08-06 02:41:13.774129 - Found #RDPUSH.txt (text/plain) in CBT.V505.FILE282.PDS, moved to PDS/#RDPUSH
2023-08-06 02:41:13.775013 - Found #RDRECD.txt (text/plain) in CBT.V505.FILE282.PDS, moved to PDS/#RDRECD
2023-08-06 02:41:13.775856 - Found #RDREWIN.txt (text/plain) in CBT.V505.FILE282.PDS, moved to PDS/#RDREWIN
2023-08-06 02:41:13.776696 - Found #RDSCANF.txt (text/plain) in CBT.V505.FILE282.PDS, moved to PDS/#RDSCANF
2023-08-06 02:41:13.777564 - Found #RE.txt (text/plain) in CBT.V505.FILE282.PDS, moved to PDS/#RE
2023-08-06 02:41:13.778494 - Found #READ.txt (text/plain) in CBT.V505.FILE282.PDS, moved to PDS/#READ
2023-08-06 02:41:13.779393 - Found #REGS.txt (text/plain) in CBT.V505.FILE282.PDS, moved to PDS/#REGS
2023-08-06 02:41:13.780281 - Found #RGNMGR.txt (text/plain) in CBT.V505.FILE282.PDS, moved to PDS/#RGNMGR
2023-08-06 02:41:13.781136 - Found #RIGHTAD.txt (text/plain) in CBT.V505.FILE282.PDS, moved to PDS/#RIGHTAD
2023-08-06 02:41:13.782082 - Found #RM.txt (text/plain) in CBT.V505.FILE282.PDS, moved to PDS/#RM
2023-08-06 02:41:13.783030 - Found #RMCOND.txt (text/plain) in CBT.V505.FILE282.PDS, moved to PDS/#RMCOND
2023-08-06 02:41:13.783888 - Found #RMIMBED.txt (text/plain) in CBT.V505.FILE282.PDS, moved to PDS/#RMIMBED
2023-08-06 02:41:13.784695 - Found #RMNEXT.txt (text/plain) in CBT.V505.FILE282.PDS, moved to PDS/#RMNEXT
2023-08-06 02:41:13.785528 - Found #RO.txt (text/plain) in CBT.V505.FILE282.PDS, moved to PDS/#RO
2023-08-06 02:41:13.786445 - Found #RV.txt (text/plain) in CBT.V505.FILE282.PDS, moved to PDS/#RV
2023-08-06 02:41:13.787410 - Found #SA.txt (text/plain) in CBT.V505.FILE282.PDS, moved to PDS/#SA
2023-08-06 02:41:13.788239 - Found #SC.txt (text/plain) in CBT.V505.FILE282.PDS, moved to PDS/#SC
2023-08-06 02:41:13.789263 - Found #SCRIPUT.txt (text/plain) in CBT.V505.FILE282.PDS, moved to PDS/#SCRIPUT
2023-08-06 02:41:13.790161 - Found #SE.txt (text/plain) in CBT.V505.FILE282.PDS, moved to PDS/#SE
2023-08-06 02:41:13.790988 - Found #SI.txt (text/plain) in CBT.V505.FILE282.PDS, moved to PDS/#SI
2023-08-06 02:41:13.791916 - Found #SK.txt (text/plain) in CBT.V505.FILE282.PDS, moved to PDS/#SK
2023-08-06 02:41:13.792782 - Found #SP.txt (text/plain) in CBT.V505.FILE282.PDS, moved to PDS/#SP
2023-08-06 02:41:13.793690 - Found #SPACEIM.txt (text/plain) in CBT.V505.FILE282.PDS, moved to PDS/#SPACEIM
2023-08-06 02:41:13.794587 - Found #SPACER.txt (text/plain) in CBT.V505.FILE282.PDS, moved to PDS/#SPACER
2023-08-06 02:41:13.795582 - Found #SR.txt (text/plain) in CBT.V505.FILE282.PDS, moved to PDS/#SR
2023-08-06 02:41:13.796519 - Found #SRCHRN.txt (text/plain) in CBT.V505.FILE282.PDS, moved to PDS/#SRCHRN
2023-08-06 02:41:13.797370 - Found #SS.txt (text/plain) in CBT.V505.FILE282.PDS, moved to PDS/#SS
2023-08-06 02:41:13.798328 - Found #SU.txt (text/plain) in CBT.V505.FILE282.PDS, moved to PDS/#SU
2023-08-06 02:41:13.799197 - Found #SY.txt (text/plain) in CBT.V505.FILE282.PDS, moved to PDS/#SY
2023-08-06 02:41:13.800047 - Found #SYABEND.txt (text/plain) in CBT.V505.FILE282.PDS, moved to PDS/#SYABEND
2023-08-06 02:41:13.800947 - Found #SYCONSW.txt (text/plain) in CBT.V505.FILE282.PDS, moved to PDS/#SYCONSW
2023-08-06 02:41:13.801751 - Found #SYFMAIN.txt (text/plain) in CBT.V505.FILE282.PDS, moved to PDS/#SYFMAIN
2023-08-06 02:41:13.802679 - Found #SYGMAIN.txt (text/plain) in CBT.V505.FILE282.PDS, moved to PDS/#SYGMAIN
2023-08-06 02:41:13.803577 - Found #SYMCLR.txt (text/plain) in CBT.V505.FILE282.PDS, moved to PDS/#SYMCLR
2023-08-06 02:41:13.804528 - Found #SYMSR.txt (text/plain) in CBT.V505.FILE282.PDS, moved to PDS/#SYMSR
2023-08-06 02:41:13.805485 - Found #SYMUR.txt (text/plain) in CBT.V505.FILE282.PDS, moved to PDS/#SYMUR
2023-08-06 02:41:13.806461 - Found #SYMUSL.txt (text/plain) in CBT.V505.FILE282.PDS, moved to PDS/#SYMUSL
2023-08-06 02:41:13.807306 - Found #SYPUT.txt (text/plain) in CBT.V505.FILE282.PDS, moved to PDS/#SYPUT
2023-08-06 02:41:13.808305 - Found #SYPUTCL.txt (text/plain) in CBT.V505.FILE282.PDS, moved to PDS/#SYPUTCL
2023-08-06 02:41:13.809248 - Found #SYPUTOP.txt (text/plain) in CBT.V505.FILE282.PDS, moved to PDS/#SYPUTOP
2023-08-06 02:41:13.810121 - Found #SYSPIE.txt (text/plain) in CBT.V505.FILE282.PDS, moved to PDS/#SYSPIE
2023-08-06 02:41:13.811133 - Found #SYSREFS.txt (text/plain) in CBT.V505.FILE282.PDS, moved to PDS/#SYSREFS
2023-08-06 02:41:13.811985 - Found #SYTEST.txt (text/plain) in CBT.V505.FILE282.PDS, moved to PDS/#SYTEST
2023-08-06 02:41:13.812928 - Found #SYTIME.txt (text/plain) in CBT.V505.FILE282.PDS, moved to PDS/#SYTIME
2023-08-06 02:41:13.813866 - Found #SYWTO.txt (text/plain) in CBT.V505.FILE282.PDS, moved to PDS/#SYWTO
2023-08-06 02:41:13.814838 - Found #TABCHK.txt (text/plain) in CBT.V505.FILE282.PDS, moved to PDS/#TABCHK
2023-08-06 02:41:13.815781 - Found #TABFILL.txt (text/plain) in CBT.V505.FILE282.PDS, moved to PDS/#TABFILL
2023-08-06 02:41:13.816726 - Found #TABIT.txt (text/plain) in CBT.V505.FILE282.PDS, moved to PDS/#TABIT
2023-08-06 02:41:13.817641 - Found #TABITA.txt (text/plain) in CBT.V505.FILE282.PDS, moved to PDS/#TABITA
2023-08-06 02:41:13.818579 - Found #TABITC.txt (text/plain) in CBT.V505.FILE282.PDS, moved to PDS/#TABITC
2023-08-06 02:41:13.819419 - Found #TABITL.txt (text/plain) in CBT.V505.FILE282.PDS, moved to PDS/#TABITL
2023-08-06 02:41:13.820224 - Found #TABITR.txt (text/plain) in CBT.V505.FILE282.PDS, moved to PDS/#TABITR
2023-08-06 02:41:13.821094 - Found #TABPCC.txt (text/plain) in CBT.V505.FILE282.PDS, moved to PDS/#TABPCC
2023-08-06 02:41:13.821933 - Found #TB.txt (text/plain) in CBT.V505.FILE282.PDS, moved to PDS/#TB
2023-08-06 02:41:13.822755 - Found #TBCBLK.txt (text/plain) in CBT.V505.FILE282.PDS, moved to PDS/#TBCBLK
2023-08-06 02:41:13.823545 - Found #TBFBLK.txt (text/plain) in CBT.V505.FILE282.PDS, moved to PDS/#TBFBLK
2023-08-06 02:41:13.824340 - Found #TBGBLK.txt (text/plain) in CBT.V505.FILE282.PDS, moved to PDS/#TBGBLK
2023-08-06 02:41:13.825277 - Found #TBGMON.txt (text/plain) in CBT.V505.FILE282.PDS, moved to PDS/#TBGMON
2023-08-06 02:41:13.826219 - Found #TC.txt (text/plain) in CBT.V505.FILE282.PDS, moved to PDS/#TC
2023-08-06 02:41:13.827149 - Found #TE.txt (text/plain) in CBT.V505.FILE282.PDS, moved to PDS/#TE
2023-08-06 02:41:13.828016 - Found #TH.txt (text/plain) in CBT.V505.FILE282.PDS, moved to PDS/#TH
2023-08-06 02:41:13.828863 - Found #TI.txt (text/plain) in CBT.V505.FILE282.PDS, moved to PDS/#TI
2023-08-06 02:41:13.829828 - Found #TM.txt (text/plain) in CBT.V505.FILE282.PDS, moved to PDS/#TM
2023-08-06 02:41:13.830724 - Found #TR.txt (text/plain) in CBT.V505.FILE282.PDS, moved to PDS/#TR
2023-08-06 02:41:13.831546 - Found #UC.txt (text/plain) in CBT.V505.FILE282.PDS, moved to PDS/#UC
2023-08-06 02:41:13.832380 - Found #UD.txt (text/plain) in CBT.V505.FILE282.PDS, moved to PDS/#UD
2023-08-06 02:41:13.833266 - Found #UL.txt (text/plain) in CBT.V505.FILE282.PDS, moved to PDS/#UL
2023-08-06 02:41:13.834149 - Found #UN.txt (text/plain) in CBT.V505.FILE282.PDS, moved to PDS/#UN
2023-08-06 02:41:13.834984 - Found #UP.txt (text/plain) in CBT.V505.FILE282.PDS, moved to PDS/#UP
2023-08-06 02:41:13.835815 - Found #UR.txt (text/plain) in CBT.V505.FILE282.PDS, moved to PDS/#UR
2023-08-06 02:41:13.836702 - Found #US.txt (text/plain) in CBT.V505.FILE282.PDS, moved to PDS/#US
2023-08-06 02:41:13.837606 - Found #VTRAPS.txt (text/plain) in CBT.V505.FILE282.PDS, moved to PDS/#VTRAPS
2023-08-06 02:41:13.838425 - Found #WD.txt (text/plain) in CBT.V505.FILE282.PDS, moved to PDS/#WD
2023-08-06 02:41:13.839255 - Found @FILE282.txt (text/plain) in CBT.V505.FILE282.PDS, moved to PDS/@FILE282
2023-08-06 02:41:13.840078 - Found SYSDSECT.txt (text/plain) in CBT.V505.FILE282.PDS, moved to PDS/SYSDSECT
2023-08-06 02:41:13.840879 - Found SYSIODEF.txt (text/plain) in CBT.V505.FILE282.PDS, moved to PDS/SYSIODEF
2023-08-06 02:41:13.841884 - Found TPUT.txt (text/plain) in CBT.V505.FILE282.PDS, moved to PDS/TPUT
2023-08-06 02:41:13.842871 - Found WRTERM.txt (text/plain) in CBT.V505.FILE282.PDS, moved to PDS/WRTERM
